Determining if the pthread_create exist failed with the following output:
Change Dir: /home/shiven/dev/catkin_ws/build/CMakeFiles/CMakeTmp

Run Build Command:"/usr/bin/make" "cmTC_3a998/fast"
/usr/bin/make -f CMakeFiles/cmTC_3a998.dir/build.make CMakeFiles/cmTC_3a998.dir/build
make[1]: Entering directory '/home/shiven/dev/catkin_ws/build/CMakeFiles/CMakeTmp'
Building C object CMakeFiles/cmTC_3a998.dir/CheckSymbolExists.c.o
/usr/bin/cc     -o CMakeFiles/cmTC_3a998.dir/CheckSymbolExists.c.o   -c /home/shiven/dev/catkin_ws/build/CMakeFiles/CMakeTmp/CheckSymbolExists.c
Linking C executable cmTC_3a998
/usr/bin/cmake -E cmake_link_script CMakeFiles/cmTC_3a998.dir/link.txt --verbose=1
/usr/bin/cc       CMakeFiles/cmTC_3a998.dir/CheckSymbolExists.c.o  -o cmTC_3a998 -rdynamic 
CMakeFiles/cmTC_3a998.dir/CheckSymbolExists.c.o: In function `main':
CheckSymbolExists.c:(.text+0x16): undefined reference to `pthread_create'
collect2: error: ld returned 1 exit status
CMakeFiles/cmTC_3a998.dir/build.make:97: recipe for target 'cmTC_3a998' failed
make[1]: *** [cmTC_3a998] Error 1
make[1]: Leaving directory '/home/shiven/dev/catkin_ws/build/CMakeFiles/CMakeTmp'
Makefile:126: recipe for target 'cmTC_3a998/fast' failed
make: *** [cmTC_3a998/fast] Error 2

File /home/shiven/dev/catkin_ws/build/CMakeFiles/CMakeTmp/CheckSymbolExists.c:
/* */
#include <pthread.h>

int main(int argc, char** argv)
{
  (void)argv;
#ifndef pthread_create
  return ((int*)(&pthread_create))[argc];
#else
  (void)argc;
  return 0;
#endif
}

Determining if the function pthread_create exists in the pthreads failed with the following output:
Change Dir: /home/shiven/dev/catkin_ws/build/CMakeFiles/CMakeTmp

Run Build Command:"/usr/bin/make" "cmTC_41d74/fast"
/usr/bin/make -f CMakeFiles/cmTC_41d74.dir/build.make CMakeFiles/cmTC_41d74.dir/build
make[1]: Entering directory '/home/shiven/dev/catkin_ws/build/CMakeFiles/CMakeTmp'
Building C object CMakeFiles/cmTC_41d74.dir/CheckFunctionExists.c.o
/usr/bin/cc    -DCHECK_FUNCTION_EXISTS=pthread_create   -o CMakeFiles/cmTC_41d74.dir/CheckFunctionExists.c.o   -c /usr/share/cmake-3.5/Modules/CheckFunctionExists.c
Linking C executable cmTC_41d74
/usr/bin/cmake -E cmake_link_script CMakeFiles/cmTC_41d74.dir/link.txt --verbose=1
/usr/bin/cc   -DCHECK_FUNCTION_EXISTS=pthread_create    CMakeFiles/cmTC_41d74.dir/CheckFunctionExists.c.o  -o cmTC_41d74 -rdynamic -lpthreads 
/usr/bin/ld: cannot find -lpthreads
collect2: error: ld returned 1 exit status
CMakeFiles/cmTC_41d74.dir/build.make:97: recipe for target 'cmTC_41d74' failed
make[1]: *** [cmTC_41d74] Error 1
make[1]: Leaving directory '/home/shiven/dev/catkin_ws/build/CMakeFiles/CMakeTmp'
Makefile:126: recipe for target 'cmTC_41d74/fast' failed
make: *** [cmTC_41d74/fast] Error 2


